Removed Pin From Net: NetName=AOUT Pin=U1-1
Removed Pin From Net: NetName=GPIO10 Pin=U1-4
Removed Pin From Net: NetName=GPIO9 Pin=U1-5
Removed Pin From Net: NetName=GND Pin=U1-14
Removed Pin From Net: NetName=VDD Pin=U1-15
Removed Pin From Net: NetName=3V3 Pin=U1-16
Removed Pin From Net: NetName=TX Pin=U1-18
Removed Pin From Net: NetName=RX Pin=U1-19
Removed Pin From Net: NetName=GPIO12 Pin=U1-22
Removed Pin From Net: NetName=GND Pin=U1-24
Removed Pin From Net: NetName=VDD3 Pin=U1-25
Removed Pin From Net: NetName=GPIO2 Pin=U1-26
Removed Pin From Net: NetName=GPIO0 Pin=U1-27
Removed Pin From Net: NetName=SDA Pin=U1-28
Removed Pin From Net: NetName=SCL Pin=U1-29
Removed Pin From Net: NetName=GPIO16 Pin=U1-30
Added Component: Designator=P3(HDR1X15)
Add component (AddParameter): Name = "LatestRevisionDate"; Value = "17-Jul-2002"; VariantName = "[No Variations]"
Add component (AddParameter): Name = "LatestRevisionNote"; Value = "Re-released for DXP Platform."; VariantName = "[No Variations]"
Add component (AddParameter): Name = "Publisher"; Value = "Altium Limited"; VariantName = "[No Variations]"
Added Component: Designator=P4(HDR1X15)
Add component (AddParameter): Name = "LatestRevisionDate"; Value = "17-Jul-2002"; VariantName = "[No Variations]"
Add component (AddParameter): Name = "LatestRevisionNote"; Value = "Re-released for DXP Platform."; VariantName = "[No Variations]"
Add component (AddParameter): Name = "Publisher"; Value = "Altium Limited"; VariantName = "[No Variations]"
Added Pin To Net: NetName=AOUT Pin=P3-1
Added Pin To Net: NetName=GPIO10 Pin=P3-4
Added Pin To Net: NetName=GPIO9 Pin=P3-5
Added Pin To Net: NetName=GND Pin=P3-14
Added Pin To Net: NetName=VDD Pin=P3-15
Added Pin To Net: NetName=3V3 Pin=P4-1
Added Pin To Net: NetName=TX Pin=P4-3
Added Pin To Net: NetName=RX Pin=P4-4
Added Pin To Net: NetName=GPIO12 Pin=P4-7
Added Pin To Net: NetName=GND Pin=P4-9
Added Pin To Net: NetName=VDD3 Pin=P4-10
Added Pin To Net: NetName=GPIO2 Pin=P4-11
Added Pin To Net: NetName=GPIO0 Pin=P4-12
Added Pin To Net: NetName=SDA Pin=P4-13
Added Pin To Net: NetName=SCL Pin=P4-14
Added Pin To Net: NetName=GPIO16 Pin=P4-15
Added Member To Class: ClassName=Sheet2 Member=Component P3 Header 15
Added Member To Class: ClassName=Sheet2 Member=Component P4 Header 15
