Added Component: Designator=BT?(BAT-2)
Add component (AddParameter): Name = "LatestRevisionDate"; Value = "17-Jul-2002"; VariantName = "[No Variations]"
Add component (AddParameter): Name = "LatestRevisionNote"; Value = "Re-released for DXP Platform."; VariantName = "[No Variations]"
Add component (AddParameter): Name = "PackageDescription"; Value = "Battery; 2 Leads"; VariantName = "[No Variations]"
Add component (AddParameter): Name = "PackageReference"; Value = "BAT-2"; VariantName = "[No Variations]"
Add component (AddParameter): Name = "Published"; Value = "24-Mar-1999"; VariantName = "[No Variations]"
Add component (AddParameter): Name = "Publisher"; Value = "Altium Limited"; VariantName = "[No Variations]"
Added Component: Designator=J?(SHDR3W80P0X250_1X3_1000X600X950P)
Add component (AddParameter): Name = "Arrow Part Number"; Value = ""; VariantName = "[No Variations]"
Add component (AddParameter): Name = "Arrow Price/Stock"; Value = ""; VariantName = "[No Variations]"
Add component (AddParameter): Name = "Datasheet Link"; Value = "http://www.jst-mfg.com/product/pdf/eng/eJQ.pdf"; VariantName = "[No Variations]"
Add component (AddParameter): Name = "Height"; Value = "9.5mm"; VariantName = "[No Variations]"
Add component (AddParameter): Name = "Manufacturer_Name"; Value = "JST (JAPAN SOLDERLESS TERMINALS)"; VariantName = "[No Variations]"
Add component (AddParameter): Name = "Manufacturer_Part_Number"; Value = "03JQ-BT"; VariantName = "[No Variations]"
Add component (AddParameter): Name = "Mouser Part Number"; Value = "N/A"; VariantName = "[No Variations]"
Add component (AddParameter): Name = "Mouser Price/Stock"; Value = "https://www.mouser.com/Search/Refine.aspx?Keyword=N%2FA"; VariantName = "[No Variations]"
Add component (AddParameter): Name = "Mouser Testing Part Number"; Value = ""; VariantName = "[No Variations]"
Add component (AddParameter): Name = "Mouser Testing Price/Stock"; Value = ""; VariantName = "[No Variations]"
Added Component: Designator=P?(HDR1X4)
Add component (AddParameter): Name = "LatestRevisionDate"; Value = "17-Jul-2002"; VariantName = "[No Variations]"
Add component (AddParameter): Name = "LatestRevisionNote"; Value = "Re-released for DXP Platform."; VariantName = "[No Variations]"
Add component (AddParameter): Name = "Publisher"; Value = "Altium Limited"; VariantName = "[No Variations]"
Added Component: Designator=P?(HDR1X10)
Add component (AddParameter): Name = "LatestRevisionDate"; Value = "17-Jul-2002"; VariantName = "[No Variations]"
Add component (AddParameter): Name = "LatestRevisionNote"; Value = "Re-released for DXP Platform."; VariantName = "[No Variations]"
Add component (AddParameter): Name = "Publisher"; Value = "Altium Limited"; VariantName = "[No Variations]"
Added Component: Designator=U?(113990105)
Add component (AddParameter): Name = "Arrow Part Number"; Value = "113990105"; VariantName = "[No Variations]"
Add component (AddParameter): Name = "Arrow Price/Stock"; Value = "https://www.arrow.com/en/products/113990105/seeed-technology-limited?region=nac"; VariantName = "[No Variations]"
Add component (AddParameter): Name = "Datasheet Link"; Value = "https://www.seeedstudio.com/NodeMCU-v2-Lua-based-ESP8266-development-kit.html"; VariantName = "[No Variations]"
Add component (AddParameter): Name = "Height"; Value = "7.35mm"; VariantName = "[No Variations]"
Add component (AddParameter): Name = "Manufacturer_Name"; Value = "Seeed Studio"; VariantName = "[No Variations]"
Add component (AddParameter): Name = "Manufacturer_Part_Number"; Value = "113990105"; VariantName = "[No Variations]"
Add component (AddParameter): Name = "Mouser Part Number"; Value = "713-113990105"; VariantName = "[No Variations]"
Add component (AddParameter): Name = "Mouser Price/Stock"; Value = "https://www.mouser.co.uk/ProductDetail/Seeed-Studio/113990105?qs=SElPoaY2y5KMx8k1roAIKw%3D%3D"; VariantName = "[No Variations]"
Add component (AddParameter): Name = "Mouser Testing Part Number"; Value = ""; VariantName = "[No Variations]"
Add component (AddParameter): Name = "Mouser Testing Price/Stock"; Value = ""; VariantName = "[No Variations]"
Added Pin To Net: NetName=3V3 Pin=J?-2
Added Pin To Net: NetName=3V3 Pin=U?-16
Added Net: Name=3V3
Added Pin To Net: NetName=AOUT Pin=J?-3
Added Pin To Net: NetName=AOUT Pin=U?-1
Added Net: Name=AOUT
Added Pin To Net: NetName=GND Pin=BT?-2
Added Pin To Net: NetName=GND Pin=J?-1
Added Pin To Net: NetName=GND Pin=P?-2
Added Pin To Net: NetName=GND Pin=P?-7
Added Pin To Net: NetName=GND Pin=U?-14
Added Pin To Net: NetName=GND Pin=U?-24
Added Net: Name=GND
Added Pin To Net: NetName=GPIO0 Pin=P?-2
Added Pin To Net: NetName=GPIO0 Pin=U?-27
Added Net: Name=GPIO0
Added Pin To Net: NetName=GPIO2 Pin=P?-1
Added Pin To Net: NetName=GPIO2 Pin=U?-26
Added Net: Name=GPIO2
Added Pin To Net: NetName=GPIO9 Pin=P?-4
Added Pin To Net: NetName=GPIO9 Pin=U?-5
Added Net: Name=GPIO9
Added Pin To Net: NetName=GPIO10 Pin=P?-5
Added Pin To Net: NetName=GPIO10 Pin=U?-4
Added Net: Name=GPIO10
Added Pin To Net: NetName=GPIO12 Pin=P?-3
Added Pin To Net: NetName=GPIO12 Pin=U?-22
Added Net: Name=GPIO12
Added Pin To Net: NetName=GPIO16 Pin=P?-6
Added Pin To Net: NetName=GPIO16 Pin=U?-30
Added Net: Name=GPIO16
Added Pin To Net: NetName=RX Pin=P?-9
Added Pin To Net: NetName=RX Pin=U?-19
Added Net: Name=RX
Added Pin To Net: NetName=SCL Pin=P?-3
Added Pin To Net: NetName=SCL Pin=U?-29
Added Net: Name=SCL
Added Pin To Net: NetName=SDA Pin=P?-4
Added Pin To Net: NetName=SDA Pin=U?-28
Added Net: Name=SDA
Added Pin To Net: NetName=TX Pin=P?-10
Added Pin To Net: NetName=TX Pin=U?-18
Added Net: Name=TX
Added Pin To Net: NetName=VDD3 Pin=P?-8
Added Pin To Net: NetName=VDD3 Pin=U?-25
Added Net: Name=VDD3
Added Pin To Net: NetName=VDD Pin=BT?-1
Added Pin To Net: NetName=VDD Pin=P?-1
Added Pin To Net: NetName=VDD Pin=U?-15
Added Net: Name=VDD
Added Class: Name=Sheet2
Added Room: Name=Sheet2
